<?xml version="1.0" encoding="UTF-8"?>
<testsuites tests="5" failures="0">
    <testsuite name="AcceptanceUnitTests" tests="2" failures="0" time="0.011882960796356201">
        <testcase classname="OCSPTestSuite" name="OCSlimProjectExamplePage_TestPage" time="0.0020419955253601074">
        </testcase>
        <testcase classname="OCSPTestSuite" name="tearDown" time="0.0007619857788085938">
        </testcase>
    </testsuite>
    <testsuite name="XCFitnesseTests" tests="2" failures="0" time="0.29796499013900757">
        <testcase classname="XCFitnesseTests" name="testExample()" time="0.0025820136070251465">
        </testcase>
        <testcase classname="XCFitnesseTests" name="testPerformanceExample()" time="0.28156596422195435">
        </testcase>
    </testsuite>
    <testsuite name="XCFitnesseCucumber" tests="1" failures="0" time="5.9686009883880615">
        <testcase classname="CCI_Home" name="homepage" time="5.960325002670288">
        </testcase>
    </testsuite>
</testsuites>